<?xml version="1.0" encoding="UTF-8"?>
<!-- Generated by org.testng.reporters.JUnitReportReporter -->
<testsuite hostname="narayanlt-01" name="org.quinnox.verifyRest.VerifyRestTest" tests="1" failures="0" timestamp="26 Apr 2016 15:24:48 GMT" time="4.558" errors="0">
  <testcase name="testRestApi" time="4.558" classname="org.quinnox.verifyRest.VerifyRestTest"/>
</testsuite> <!-- org.quinnox.verifyRest.VerifyRestTest -->
