<?xml version="1.0" encoding="UTF-8"?>
<!-- Generated by org.testng.reporters.JUnitReportReporter -->
<testsuite hostname="narayanlt-01" name="org.quinnox.validateData.ValidateDataTest" tests="1" failures="0" timestamp="26 Apr 2016 15:24:48 GMT" time="0.439" errors="0">
  <testcase name="validatePostRequest" time="0.439" classname="org.quinnox.validateData.ValidateDataTest"/>
</testsuite> <!-- org.quinnox.validateData.ValidateDataTest -->
