<?xml version="1.0" encoding="UTF-8"?>
<!-- Generated by org.testng.reporters.JUnitReportReporter -->
<testsuite hostname="DSK654-B1" name="org.quinnox.test.SSLTest" tests="1" failures="0" timestamp="21 Mar 2016 11:02:13 GMT" time="1.363" errors="0">
  <testcase name="testSSL" time="1.363" classname="org.quinnox.test.SSLTest"/>
</testsuite> <!-- org.quinnox.test.SSLTest -->
