<?xml version="1.0" encoding="UTF-8"?>
<!-- Generated by org.testng.reporters.JUnitReportReporter -->
<testsuite hostname="narayanlt-01" name="org.quinnox.testautomation.validatedatatest.ValidateDataTest" tests="1" failures="0" timestamp="23 May 2016 12:23:38 GMT" time="3.497" errors="0">
  <testcase name="validateDataTest" time="3.497" classname="org.quinnox.testautomation.validatedatatest.ValidateDataTest"/>
</testsuite> <!-- org.quinnox.testautomation.validatedatatest.ValidateDataTest -->
