<?xml version="1.0" encoding="UTF-8"?>
<!-- Generated by org.testng.reporters.JUnitReportReporter -->
<testsuite hostname="narayanlt-01" name="org.quinnox.testautomation.verifylineitems.ValidateLineItems" tests="1" failures="0" timestamp="23 May 2016 11:50:25 GMT" time="4.000" errors="0">
  <testcase name="comparisonOfLineItems" time="4.000" classname="org.quinnox.testautomation.verifylineitems.ValidateLineItems"/>
</testsuite> <!-- org.quinnox.testautomation.verifylineitems.ValidateLineItems -->
