<?xml version="1.0" encoding="UTF-8"?>
<!-- Generated by org.testng.reporters.JUnitReportReporter -->
<testsuite hostname="narayanlt-01" name="org.quinnox.testautomation.validatedatatest.ValidateDataTest" tests="1" failures="0" timestamp="22 May 2016 15:56:02 GMT" time="12.980" errors="0">
  <testcase name="validateDataTest" time="12.980" classname="org.quinnox.testautomation.validatedatatest.ValidateDataTest"/>
</testsuite> <!-- org.quinnox.testautomation.validatedatatest.ValidateDataTest -->
