<?xml version="1.0" encoding="UTF-8"?>
<!-- Generated by org.testng.reporters.JUnitReportReporter -->
<testsuite hostname="narayanlt-01" name="org.quinnox.testautomation.verifypostrequest.VerifyPostRequestTest" tests="1" failures="0" timestamp="22 May 2016 15:56:02 GMT" time="2.463" errors="0">
  <testcase name="verifyPostRequest" time="2.463" classname="org.quinnox.testautomation.verifypostrequest.VerifyPostRequestTest"/>
</testsuite> <!-- org.quinnox.testautomation.verifypostrequest.VerifyPostRequestTest -->
