<?xml version="1.0" encoding="UTF-8"?>
<!-- Generated by org.testng.reporters.JUnitReportReporter -->
<testsuite hostname="ilcwcxa302" name="org.quinnox.testautomation.verifyapistatus.VerifyRestApiStatus" tests="1" failures="0" timestamp="18 May 2016 06:42:37 GMT" time="0.265" errors="0">
  <testcase name="verifyApiStatus" time="0.265" classname="org.quinnox.testautomation.verifyapistatus.VerifyRestApiStatus"/>
</testsuite> <!-- org.quinnox.testautomation.verifyapistatus.VerifyRestApiStatus -->
