<?xml version="1.0" encoding="UTF-8"?>
<!-- Generated by org.testng.reporters.JUnitReportReporter -->
<testsuite hostname="narayanlt-01" name="org.quinnox.testautomation.verifyapistatus.VerifyRestApiStatus" tests="1" failures="0" timestamp="22 May 2016 15:56:02 GMT" time="0.947" errors="0">
  <testcase name="verifyApiStatus" time="0.947" classname="org.quinnox.testautomation.verifyapistatus.VerifyRestApiStatus"/>
</testsuite> <!-- org.quinnox.testautomation.verifyapistatus.VerifyRestApiStatus -->
