<?xml version="1.0" encoding="UTF-8"?>
<!-- Generated by org.testng.reporters.JUnitReportReporter -->
<testsuite hostname="ilcwcxa301" name="org.quinnox.testautomation.verifypostrequest.VerifyPostRequestTest" tests="1" failures="0" timestamp="11 May 2016 20:03:13 GMT" time="1.415" errors="0">
  <testcase name="verifyPostRequest" time="1.415" classname="org.quinnox.testautomation.verifypostrequest.VerifyPostRequestTest"/>
</testsuite> <!-- org.quinnox.testautomation.verifypostrequest.VerifyPostRequestTest -->
