<?xml version="1.0" encoding="UTF-8"?>
<!-- Generated by org.testng.reporters.JUnitReportReporter -->
<testsuite hostname="ilcwcxa302" name="org.quinnox.testautomation.verifypostrequest.VerifyPostRequestTest" tests="1" failures="0" timestamp="18 May 2016 06:42:37 GMT" time="1.562" errors="0">
  <testcase name="verifyPostRequest" time="1.562" classname="org.quinnox.testautomation.verifypostrequest.VerifyPostRequestTest"/>
</testsuite> <!-- org.quinnox.testautomation.verifypostrequest.VerifyPostRequestTest -->
