<?xml version="1.0" encoding="UTF-8"?>
<!-- Generated by org.testng.reporters.JUnitReportReporter -->
<testsuite hostname="ilcwcxa302" name="org.quinnox.testautomation.validatedatatest.ValidateDataTest" tests="1" failures="0" timestamp="18 May 2016 06:42:37 GMT" time="3.155" errors="0">
  <testcase name="validateDataTest" time="3.155" classname="org.quinnox.testautomation.validatedatatest.ValidateDataTest"/>
</testsuite> <!-- org.quinnox.testautomation.validatedatatest.ValidateDataTest -->
