<?xml version="1.0" encoding="UTF-8"?>
<!-- Generated by org.testng.reporters.JUnitReportReporter -->
<testsuite hostname="ilcwcxa301" name="org.quinnox.testautomation.verifyapistatus.VerifyRestApiStatus" tests="1" failures="0" timestamp="11 May 2016 20:03:13 GMT" time="0.204" errors="0">
  <testcase name="verifyApiStatus" time="0.204" classname="org.quinnox.testautomation.verifyapistatus.VerifyRestApiStatus"/>
</testsuite> <!-- org.quinnox.testautomation.verifyapistatus.VerifyRestApiStatus -->
